{
  "stats": {
    "suites": 1,
    "tests": 1,
    "passes": 1,
    "pending": 0,
    "failures": 0,
    "testsRegistered": 1,
    "passPercent": 100,
    "pendingPercent": 0,
    "other": 0,
    "hasOther": false,
    "skipped": 0,
    "hasSkipped": false,
    "start": "2025-04-29T09:40:59.259Z",
    "end": "2025-04-29T09:43:57.111Z",
    "duration": 177852
  },
  "results": [
    {
      "uuid": "069a0135-457c-4fe5-a56e-cbc465865be6",
      "title": "",
      "fullFile": "cypress/e2e/forms/allFormTests.cy.js",
      "file": "cypress/e2e/forms/allFormTests.cy.js",
      "beforeHooks": [],
      "afterHooks": [],
      "tests": [],
      "suites": [
        {
          "uuid": "c4e29d39-e244-4a4a-8df0-8e6b56df40d2",
          "title": "Login, Fill onboard forms",
          "fullFile": "cypress/e2e/forms/allFormTests.cy.js",
          "file": "cypress/e2e/forms/allFormTests.cy.js",
          "beforeHooks": [],
          "afterHooks": [],
          "tests": [
            {
              "title": "fill forms",
              "fullTitle": "Login, Fill onboard forms fill forms",
              "timedOut": null,
              "duration": 176902,
              "state": "passed",
              "speed": "slow",
              "pass": true,
              "fail": false,
              "pending": false,
              "context": null,
              "code": "cy.visit(\"https://develop.di9bb30rgpciu.amplifyapp.com/home\");\ncy.url().should(\"include\", \"/home\");\n(0, _registrationForm.default)();\ncy.wait(2500);\n(0, _patientInfoForm.default)();\ncy.wait(2500);\n(0, _recordReleaseForm.default)();\ncy.wait(2500);\n(0, _treatmentConsentForm.default)();\ncy.wait(2500);\n(0, _opioidConsentForm.default)();\ncy.wait(2500);\n(0, _privacyPracticeForm.default)();\ncy.wait(2500);\n(0, _patientRightsForm.default)();\ncy.wait(2500);\n(0, _dischargeForm.default)();\ncy.wait(2500);\n(0, _financialAgreementForm.default)();\ncy.wait(2500);\n(0, _emergencyForm.default)();\ncy.wait(2500);\n(0, _socialEmotionalForm.default)();\ncy.wait(2500);\n(0, _aimsForm.default)();\ncy.wait(2500);\n(0, _vestibularForm.default)();\ncy.wait(2500);\n(0, _familyCaregiverForm.default)();\ncy.wait(2500);\n(0, _authorizationForm.default)();\ncy.wait(2500);\n(0, _consentProcedureForm.default)();\ncy.wait(2500);\n(0, _tmsConsent.default)();\ncy.wait(2500);\n(0, _transportation.default)();\ncy.wait(2500);\n(0, _appealfForm.default)();\ncy.wait(2500);\n(0, _parkinsonForm.default)();\ncy.wait(2500);\n(0, _alzheimerForm.default)();",
              "err": {},
              "uuid": "7da93573-adad-4afa-b7ce-bd1dcc9d9a2f",
              "parentUUID": "c4e29d39-e244-4a4a-8df0-8e6b56df40d2",
              "isHook": false,
              "skipped": false
            }
          ],
          "suites": [],
          "passes": [
            "7da93573-adad-4afa-b7ce-bd1dcc9d9a2f"
          ],
          "failures": [],
          "pending": [],
          "skipped": [],
          "duration": 176902,
          "root": false,
          "rootEmpty": false,
          "_timeout": 2000
        }
      ],
      "passes": [],
      "failures": [],
      "pending": [],
      "skipped": [],
      "duration": 0,
      "root": true,
      "rootEmpty": true,
      "_timeout": 2000
    }
  ],
  "meta": {
    "mocha": {
      "version": "7.2.0"
    },
    "mochawesome": {
      "options": {
        "quiet": false,
        "reportFilename": "Report_04-29-2025_15-10-56",
        "saveHtml": false,
        "saveJson": true,
        "consoleReporter": "spec",
        "useInlineDiffs": false,
        "code": true
      },
      "version": "7.1.3"
    },
    "marge": {
      "options": {
        "reportDir": "cypress/reports/.jsons",
        "overwrite": false,
        "html": false,
        "json": true,
        "embeddedScreenshots": true,
        "inlineAssets": true,
        "saveJson": true,
        "reportPageTitle": "Cypress Report",
        "reportFilename": "Report_04-29-2025_15-10-56"
      },
      "version": "6.2.0"
    }
  }
}